[debug] [2024-09-20T21:04:22.228Z] ----------------------------------------------------------------------
[debug] [2024-09-20T21:04:22.229Z] Command:       /Users/pranavkulkarni/.nvm/versions/node/v19.4.0/bin/node /Users/pranavkulkarni/.nvm/versions/node/v19.4.0/bin/firebase deploy --only functions
[debug] [2024-09-20T21:04:22.229Z] CLI Version:   13.18.0
[debug] [2024-09-20T21:04:22.230Z] Platform:      darwin
[debug] [2024-09-20T21:04:22.230Z] Node Version:  v19.4.0
[debug] [2024-09-20T21:04:22.230Z] Time:          Fri Sep 20 2024 17:04:22 GMT-0400 (Eastern Daylight Saving Time)
[debug] [2024-09-20T21:04:22.230Z] ----------------------------------------------------------------------
[debug] 
[debug] [2024-09-20T21:04:22.265Z] > command requires scopes: ["email","openid","https://www.googleapis.com/auth/cloudplatformprojects.readonly","https://www.googleapis.com/auth/firebase","https://www.googleapis.com/auth/cloud-platform"]
[debug] [2024-09-20T21:04:22.265Z] > authorizing via signed-in user (kulkarnipranavmahesh@gmail.com)
[debug] [2024-09-20T21:04:22.265Z] [iam] checking project feemanagement-a98b2 for permissions ["cloudfunctions.functions.create","cloudfunctions.functions.delete","cloudfunctions.functions.get","cloudfunctions.functions.list","cloudfunctions.functions.update","cloudfunctions.operations.get","firebase.projects.get"]
[debug] [2024-09-20T21:04:22.266Z] >>> [apiv2][query] POST https://cloudresourcemanager.googleapis.com/v1/projects/feemanagement-a98b2:testIamPermissions [none]
[debug] [2024-09-20T21:04:22.266Z] >>> [apiv2][(partial)header] POST https://cloudresourcemanager.googleapis.com/v1/projects/feemanagement-a98b2:testIamPermissions x-goog-quota-user=projects/feemanagement-a98b2
[debug] [2024-09-20T21:04:22.266Z] >>> [apiv2][body] POST https://cloudresourcemanager.googleapis.com/v1/projects/feemanagement-a98b2:testIamPermissions {"permissions":["cloudfunctions.functions.create","cloudfunctions.functions.delete","cloudfunctions.functions.get","cloudfunctions.functions.list","cloudfunctions.functions.update","cloudfunctions.operations.get","firebase.projects.get"]}
[debug] [2024-09-20T21:04:22.598Z] <<< [apiv2][status] POST https://cloudresourcemanager.googleapis.com/v1/projects/feemanagement-a98b2:testIamPermissions 200
[debug] [2024-09-20T21:04:22.598Z] <<< [apiv2][body] POST https://cloudresourcemanager.googleapis.com/v1/projects/feemanagement-a98b2:testIamPermissions {"permissions":["cloudfunctions.functions.create","cloudfunctions.functions.delete","cloudfunctions.functions.get","cloudfunctions.functions.list","cloudfunctions.functions.update","cloudfunctions.operations.get","firebase.projects.get"]}
[debug] [2024-09-20T21:04:22.599Z] >>> [apiv2][query] POST https://iam.googleapis.com/v1/projects/feemanagement-a98b2/serviceAccounts/feemanagement-a98b2@appspot.gserviceaccount.com:testIamPermissions [none]
[debug] [2024-09-20T21:04:22.599Z] >>> [apiv2][body] POST https://iam.googleapis.com/v1/projects/feemanagement-a98b2/serviceAccounts/feemanagement-a98b2@appspot.gserviceaccount.com:testIamPermissions {"permissions":["iam.serviceAccounts.actAs"]}
[debug] [2024-09-20T21:04:23.084Z] <<< [apiv2][status] POST https://iam.googleapis.com/v1/projects/feemanagement-a98b2/serviceAccounts/feemanagement-a98b2@appspot.gserviceaccount.com:testIamPermissions 200
[debug] [2024-09-20T21:04:23.085Z] <<< [apiv2][body] POST https://iam.googleapis.com/v1/projects/feemanagement-a98b2/serviceAccounts/feemanagement-a98b2@appspot.gserviceaccount.com:testIamPermissions {"permissions":["iam.serviceAccounts.actAs"]}
[info] 
[info] === Deploying to 'feemanagement-a98b2'...
[info] 
[info] i  deploying functions 
[debug] [2024-09-20T21:04:23.089Z] >>> [apiv2][query] GET https://firebase.googleapis.com/v1beta1/projects/feemanagement-a98b2 [none]
[debug] [2024-09-20T21:04:23.554Z] <<< [apiv2][status] GET https://firebase.googleapis.com/v1beta1/projects/feemanagement-a98b2 200
[debug] [2024-09-20T21:04:23.554Z] <<< [apiv2][body] GET https://firebase.googleapis.com/v1beta1/projects/feemanagement-a98b2 {"projectId":"feemanagement-a98b2","projectNumber":"662940955651","displayName":"feeManagement","name":"projects/feemanagement-a98b2","resources":{"hostingSite":"feemanagement-a98b2","realtimeDatabaseInstance":"feemanagement-a98b2-default-rtdb"},"state":"ACTIVE","etag":"1_b4a2d123-a6bc-48b8-9a36-3dcf4b25ca46"}
[info] i  functions: preparing codebase default for deployment 
[info] i  functions: ensuring required API cloudfunctions.googleapis.com is enabled... 
[info] i  functions: ensuring required API cloudbuild.googleapis.com is enabled... 
[info] i  artifactregistry: ensuring required API artifactregistry.googleapis.com is enabled... 
[debug] [2024-09-20T21:04:23.555Z] >>> [apiv2][query] GET https://serviceusage.googleapis.com/v1/projects/feemanagement-a98b2/services/cloudfunctions.googleapis.com [none]
[debug] [2024-09-20T21:04:23.555Z] >>> [apiv2][(partial)header] GET https://serviceusage.googleapis.com/v1/projects/feemanagement-a98b2/services/cloudfunctions.googleapis.com x-goog-quota-user=projects/feemanagement-a98b2
[debug] [2024-09-20T21:04:23.556Z] >>> [apiv2][query] GET https://serviceusage.googleapis.com/v1/projects/feemanagement-a98b2/services/runtimeconfig.googleapis.com [none]
[debug] [2024-09-20T21:04:23.556Z] >>> [apiv2][(partial)header] GET https://serviceusage.googleapis.com/v1/projects/feemanagement-a98b2/services/runtimeconfig.googleapis.com x-goog-quota-user=projects/feemanagement-a98b2
[debug] [2024-09-20T21:04:23.557Z] >>> [apiv2][query] GET https://serviceusage.googleapis.com/v1/projects/feemanagement-a98b2/services/cloudbuild.googleapis.com [none]
[debug] [2024-09-20T21:04:23.557Z] >>> [apiv2][(partial)header] GET https://serviceusage.googleapis.com/v1/projects/feemanagement-a98b2/services/cloudbuild.googleapis.com x-goog-quota-user=projects/feemanagement-a98b2
[debug] [2024-09-20T21:04:23.557Z] >>> [apiv2][query] GET https://serviceusage.googleapis.com/v1/projects/feemanagement-a98b2/services/artifactregistry.googleapis.com [none]
[debug] [2024-09-20T21:04:23.557Z] >>> [apiv2][(partial)header] GET https://serviceusage.googleapis.com/v1/projects/feemanagement-a98b2/services/artifactregistry.googleapis.com x-goog-quota-user=projects/feemanagement-a98b2
[debug] [2024-09-20T21:04:23.920Z] <<< [apiv2][status] GET https://serviceusage.googleapis.com/v1/projects/feemanagement-a98b2/services/runtimeconfig.googleapis.com 200
[debug] [2024-09-20T21:04:23.920Z] <<< [apiv2][body] GET https://serviceusage.googleapis.com/v1/projects/feemanagement-a98b2/services/runtimeconfig.googleapis.com [omitted]
[debug] [2024-09-20T21:04:23.921Z] <<< [apiv2][status] GET https://serviceusage.googleapis.com/v1/projects/feemanagement-a98b2/services/cloudbuild.googleapis.com 200
[debug] [2024-09-20T21:04:23.921Z] <<< [apiv2][body] GET https://serviceusage.googleapis.com/v1/projects/feemanagement-a98b2/services/cloudbuild.googleapis.com [omitted]
[info] ✔  functions: required API cloudbuild.googleapis.com is enabled 
[debug] [2024-09-20T21:04:23.923Z] <<< [apiv2][status] GET https://serviceusage.googleapis.com/v1/projects/feemanagement-a98b2/services/artifactregistry.googleapis.com 200
[debug] [2024-09-20T21:04:23.923Z] <<< [apiv2][body] GET https://serviceusage.googleapis.com/v1/projects/feemanagement-a98b2/services/artifactregistry.googleapis.com [omitted]
[info] ✔  artifactregistry: required API artifactregistry.googleapis.com is enabled 
[debug] [2024-09-20T21:04:23.924Z] <<< [apiv2][status] GET https://serviceusage.googleapis.com/v1/projects/feemanagement-a98b2/services/cloudfunctions.googleapis.com 200
[debug] [2024-09-20T21:04:23.924Z] <<< [apiv2][body] GET https://serviceusage.googleapis.com/v1/projects/feemanagement-a98b2/services/cloudfunctions.googleapis.com [omitted]
[info] ✔  functions: required API cloudfunctions.googleapis.com is enabled 
[debug] [2024-09-20T21:04:23.925Z] >>> [apiv2][query] GET https://firebase.googleapis.com/v1beta1/projects/feemanagement-a98b2/adminSdkConfig [none]
[debug] [2024-09-20T21:04:24.203Z] <<< [apiv2][status] GET https://firebase.googleapis.com/v1beta1/projects/feemanagement-a98b2/adminSdkConfig 200
[debug] [2024-09-20T21:04:24.204Z] <<< [apiv2][body] GET https://firebase.googleapis.com/v1beta1/projects/feemanagement-a98b2/adminSdkConfig {"projectId":"feemanagement-a98b2","databaseURL":"https://feemanagement-a98b2-default-rtdb.firebaseio.com","storageBucket":"feemanagement-a98b2.appspot.com"}
[debug] [2024-09-20T21:04:24.204Z] >>> [apiv2][query] GET https://runtimeconfig.googleapis.com/v1beta1/projects/feemanagement-a98b2/configs [none]
[debug] [2024-09-20T21:04:24.439Z] <<< [apiv2][status] GET https://runtimeconfig.googleapis.com/v1beta1/projects/feemanagement-a98b2/configs 200
[debug] [2024-09-20T21:04:24.440Z] <<< [apiv2][body] GET https://runtimeconfig.googleapis.com/v1beta1/projects/feemanagement-a98b2/configs {}
[debug] [2024-09-20T21:04:24.442Z] Validating nodejs source
[warn] ⚠  functions: package.json indicates an outdated version of firebase-functions. Please upgrade using npm install --save firebase-functions@latest in your functions directory. 
[warn] ⚠  functions: Please note that there will be breaking changes when you upgrade. 
[debug] [2024-09-20T21:04:24.786Z] > [functions] package.json contents: {
  "name": "functions",
  "description": "Cloud Functions for Firebase",
  "scripts": {
    "serve": "firebase emulators:start --only functions",
    "shell": "firebase functions:shell",
    "start": "npm run shell",
    "deploy": "firebase deploy --only functions",
    "logs": "firebase functions:log"
  },
  "engines": {
    "node": "18"
  },
  "main": "index.js",
  "dependencies": {
    "firebase-admin": "^12.1.0",
    "firebase-functions": "^5.0.0"
  },
  "devDependencies": {
    "firebase-functions-test": "^3.1.0"
  },
  "private": true
}
[debug] [2024-09-20T21:04:24.786Z] Building nodejs source
[info] i  functions: Loading and analyzing source code for codebase default to determine what to deploy 
[debug] [2024-09-20T21:04:24.787Z] Could not find functions.yaml. Must use http discovery
[debug] [2024-09-20T21:04:24.791Z] Found firebase-functions binary at '/Users/pranavkulkarni/Desktop/Personal Stuff/FeeManagement/feeManagement/functions/node_modules/.bin/firebase-functions'
[info] Serving at port 8173

[debug] [2024-09-20T21:04:25.080Z] Got response from /__/functions.yaml {"endpoints":{"sendEmailOnStudentAdd":{"platform":"gcfv1","availableMemoryMb":null,"timeoutSeconds":null,"minInstances":null,"maxInstances":null,"ingressSettings":null,"serviceAccountEmail":null,"vpc":null,"eventTrigger":{"eventType":"providers/cloud.firestore/eventTypes/document.create","eventFilters":{"resource":"projects/feemanagement-a98b2/databases/(default)/documents/StudentDatabase/{studentId}"},"retry":false},"labels":{},"entryPoint":"sendEmailOnStudentAdd"}},"specVersion":"v1alpha1","requiredAPIs":[],"extensions":{}}
[info] i  functions: preparing functions directory for uploading... 
[info] i  functions: packaged /Users/pranavkulkarni/Desktop/Personal Stuff/FeeManagement/feeManagement/functions (61.96 KB) for uploading 
[debug] [2024-09-20T21:04:30.138Z] >>> [apiv2][query] GET https://cloudfunctions.googleapis.com/v1/projects/feemanagement-a98b2/locations/-/functions [none]
[debug] [2024-09-20T21:04:30.791Z] <<< [apiv2][status] GET https://cloudfunctions.googleapis.com/v1/projects/feemanagement-a98b2/locations/-/functions 200
[debug] [2024-09-20T21:04:30.792Z] <<< [apiv2][body] GET https://cloudfunctions.googleapis.com/v1/projects/feemanagement-a98b2/locations/-/functions {}
[debug] [2024-09-20T21:04:30.794Z] >>> [apiv2][query] GET https://cloudfunctions.googleapis.com/v2/projects/feemanagement-a98b2/locations/-/functions filter=environment%3D%22GEN_2%22
[debug] [2024-09-20T21:04:31.287Z] <<< [apiv2][status] GET https://cloudfunctions.googleapis.com/v2/projects/feemanagement-a98b2/locations/-/functions 200
[debug] [2024-09-20T21:04:31.288Z] <<< [apiv2][body] GET https://cloudfunctions.googleapis.com/v2/projects/feemanagement-a98b2/locations/-/functions {}
[debug] [2024-09-20T21:04:31.291Z] >>> [apiv2][query] GET https://firebase.googleapis.com/v1beta1/projects/feemanagement-a98b2 [none]
[debug] [2024-09-20T21:04:31.595Z] <<< [apiv2][status] GET https://firebase.googleapis.com/v1beta1/projects/feemanagement-a98b2 200
[debug] [2024-09-20T21:04:31.595Z] <<< [apiv2][body] GET https://firebase.googleapis.com/v1beta1/projects/feemanagement-a98b2 {"projectId":"feemanagement-a98b2","projectNumber":"662940955651","displayName":"feeManagement","name":"projects/feemanagement-a98b2","resources":{"hostingSite":"feemanagement-a98b2","realtimeDatabaseInstance":"feemanagement-a98b2-default-rtdb"},"state":"ACTIVE","etag":"1_b4a2d123-a6bc-48b8-9a36-3dcf4b25ca46"}
[debug] [2024-09-20T21:04:31.598Z] >>> [apiv2][query] POST https://cloudfunctions.googleapis.com/v1/projects/feemanagement-a98b2/locations/us-central1/functions:generateUploadUrl [none]
[debug] [2024-09-20T21:04:31.598Z] >>> [apiv2][body] POST https://cloudfunctions.googleapis.com/v1/projects/feemanagement-a98b2/locations/us-central1/functions:generateUploadUrl {}
[debug] [2024-09-20T21:04:40.889Z] <<< [apiv2][status] POST https://cloudfunctions.googleapis.com/v1/projects/feemanagement-a98b2/locations/us-central1/functions:generateUploadUrl 200
[debug] [2024-09-20T21:04:40.889Z] <<< [apiv2][body] POST https://cloudfunctions.googleapis.com/v1/projects/feemanagement-a98b2/locations/us-central1/functions:generateUploadUrl {"uploadUrl":"https://storage.googleapis.com/uploads-220820781212.us-central1.cloudfunctions.appspot.com/3052f7c6-9782-4a16-afaa-dac0179228f2.zip?GoogleAccessId=service-662940955651@gcf-admin-robot.iam.gserviceaccount.com&Expires=1726868080&Signature=YdP67UMQ7lXz8uiswj5w5c%2FC4selGQ34kRzNio0sNJRG7EdxwDRNi%2Fc2Sy6t6UpllokXv2HBxoAfceJLyFCWthmf3JmAjIflunwDX8AsrpMmS8fWoFIznxQfnKxlvjRssFGLLEqdGY0d6%2BbfR5mi36NzwE3m1BEZ4Fy3lI734T1gA7X2Ttw3O6iWWFmoMIqfNRnyLx3%2B1zA4N1cLsloVDFSbhvT7fXyEUl6KlW%2BsTjgFMUU%2F%2ByibN8RSQFb16DauWsp7aAsQ0hkqQvqB6ySGLy1bUSZ7UXTrkUyjqfX5BudD7AzhVIrd4WU8g0xJjHMLte5hVZ4R%2FDCPUFr38cnAMw%3D%3D"}
[debug] [2024-09-20T21:04:40.891Z] >>> [apiv2][query] PUT https://storage.googleapis.com/uploads-220820781212.us-central1.cloudfunctions.appspot.com/3052f7c6-9782-4a16-afaa-dac0179228f2.zip GoogleAccessId=service-662940955651%40gcf-admin-robot.iam.gserviceaccount.com&Expires=1726868080&Signature=YdP67UMQ7lXz8uiswj5w5c%2FC4selGQ34kRzNio0sNJRG7EdxwDRNi%2Fc2Sy6t6UpllokXv2HBxoAfceJLyFCWthmf3JmAjIflunwDX8AsrpMmS8fWoFIznxQfnKxlvjRssFGLLEqdGY0d6%2BbfR5mi36NzwE3m1BEZ4Fy3lI734T1gA7X2Ttw3O6iWWFmoMIqfNRnyLx3%2B1zA4N1cLsloVDFSbhvT7fXyEUl6KlW%2BsTjgFMUU%2F%2ByibN8RSQFb16DauWsp7aAsQ0hkqQvqB6ySGLy1bUSZ7UXTrkUyjqfX5BudD7AzhVIrd4WU8g0xJjHMLte5hVZ4R%2FDCPUFr38cnAMw%3D%3D
[debug] [2024-09-20T21:04:40.891Z] >>> [apiv2][body] PUT https://storage.googleapis.com/uploads-220820781212.us-central1.cloudfunctions.appspot.com/3052f7c6-9782-4a16-afaa-dac0179228f2.zip [stream]
[debug] [2024-09-20T21:04:41.267Z] <<< [apiv2][status] PUT https://storage.googleapis.com/uploads-220820781212.us-central1.cloudfunctions.appspot.com/3052f7c6-9782-4a16-afaa-dac0179228f2.zip 200
[debug] [2024-09-20T21:04:41.267Z] <<< [apiv2][body] PUT https://storage.googleapis.com/uploads-220820781212.us-central1.cloudfunctions.appspot.com/3052f7c6-9782-4a16-afaa-dac0179228f2.zip [omitted]
[info] ✔  functions: functions folder uploaded successfully 
[info] i  functions: creating Node.js 18 (1st Gen) function sendEmailOnStudentAdd(us-central1)... 
[debug] [2024-09-20T21:04:41.269Z] >>> [apiv2][query] POST https://cloudfunctions.googleapis.com/v1/projects/feemanagement-a98b2/locations/us-central1/functions [none]
[debug] [2024-09-20T21:04:41.269Z] >>> [apiv2][body] POST https://cloudfunctions.googleapis.com/v1/projects/feemanagement-a98b2/locations/us-central1/functions {"name":"projects/feemanagement-a98b2/locations/us-central1/functions/sendEmailOnStudentAdd","sourceUploadUrl":"https://storage.googleapis.com/uploads-220820781212.us-central1.cloudfunctions.appspot.com/3052f7c6-9782-4a16-afaa-dac0179228f2.zip?GoogleAccessId=service-662940955651@gcf-admin-robot.iam.gserviceaccount.com&Expires=1726868080&Signature=YdP67UMQ7lXz8uiswj5w5c%2FC4selGQ34kRzNio0sNJRG7EdxwDRNi%2Fc2Sy6t6UpllokXv2HBxoAfceJLyFCWthmf3JmAjIflunwDX8AsrpMmS8fWoFIznxQfnKxlvjRssFGLLEqdGY0d6%2BbfR5mi36NzwE3m1BEZ4Fy3lI734T1gA7X2Ttw3O6iWWFmoMIqfNRnyLx3%2B1zA4N1cLsloVDFSbhvT7fXyEUl6KlW%2BsTjgFMUU%2F%2ByibN8RSQFb16DauWsp7aAsQ0hkqQvqB6ySGLy1bUSZ7UXTrkUyjqfX5BudD7AzhVIrd4WU8g0xJjHMLte5hVZ4R%2FDCPUFr38cnAMw%3D%3D","entryPoint":"sendEmailOnStudentAdd","runtime":"nodejs18","dockerRegistry":"ARTIFACT_REGISTRY","labels":{"deployment-tool":"cli-firebase","firebase-functions-hash":"42f15b651520700f6162d8344c13a2f12b5bfb5e"},"eventTrigger":{"eventType":"providers/cloud.firestore/eventTypes/document.create","resource":"projects/feemanagement-a98b2/databases/(default)/documents/StudentDatabase/{studentId}"},"minInstances":null,"maxInstances":null,"ingressSettings":null,"environmentVariables":{"FIREBASE_CONFIG":"{\"projectId\":\"feemanagement-a98b2\",\"databaseURL\":\"https://feemanagement-a98b2-default-rtdb.firebaseio.com\",\"storageBucket\":\"feemanagement-a98b2.appspot.com\"}","GCLOUD_PROJECT":"feemanagement-a98b2","EVENTARC_CLOUD_EVENT_SOURCE":"projects/feemanagement-a98b2/locations/us-central1/functions/sendEmailOnStudentAdd"},"serviceAccountEmail":null,"availableMemoryMb":null,"timeout":null,"vpcConnector":null,"vpcConnectorEgressSettings":null,"buildEnvironmentVariables":{"GOOGLE_NODE_RUN_SCRIPTS":""}}
[debug] [2024-09-20T21:04:43.327Z] <<< [apiv2][status] POST https://cloudfunctions.googleapis.com/v1/projects/feemanagement-a98b2/locations/us-central1/functions 200
[debug] [2024-09-20T21:04:43.327Z] <<< [apiv2][body] POST https://cloudfunctions.googleapis.com/v1/projects/feemanagement-a98b2/locations/us-central1/functions {"name":"operations/ZmVlbWFuYWdlbWVudC1hOThiMi91cy1jZW50cmFsMS9zZW5kRW1haWxPblN0dWRlbnRBZGQvSF85cG9kWlhCQ3M","metadata":{"@type":"type.googleapis.com/google.cloud.functions.v1.OperationMetadataV1","target":"projects/feemanagement-a98b2/locations/us-central1/functions/sendEmailOnStudentAdd","type":"CREATE_FUNCTION","request":{"@type":"type.googleapis.com/google.cloud.functions.v1.CloudFunction","name":"projects/feemanagement-a98b2/locations/us-central1/functions/sendEmailOnStudentAdd","eventTrigger":{"eventType":"providers/cloud.firestore/eventTypes/document.create","resource":"projects/feemanagement-a98b2/databases/(default)/documents/StudentDatabase/{studentId}"},"entryPoint":"sendEmailOnStudentAdd","labels":{"deployment-tool":"cli-firebase","firebase-functions-hash":"42f15b651520700f6162d8344c13a2f12b5bfb5e"},"sourceUploadUrl":"https://storage.googleapis.com/uploads-220820781212.us-central1.cloudfunctions.appspot.com/3052f7c6-9782-4a16-afaa-dac0179228f2.zip?GoogleAccessId=service-662940955651@gcf-admin-robot.iam.gserviceaccount.com&Expires=1726868080&Signature=YdP67UMQ7lXz8uiswj5w5c%2FC4selGQ34kRzNio0sNJRG7EdxwDRNi%2Fc2Sy6t6UpllokXv2HBxoAfceJLyFCWthmf3JmAjIflunwDX8AsrpMmS8fWoFIznxQfnKxlvjRssFGLLEqdGY0d6%2BbfR5mi36NzwE3m1BEZ4Fy3lI734T1gA7X2Ttw3O6iWWFmoMIqfNRnyLx3%2B1zA4N1cLsloVDFSbhvT7fXyEUl6KlW%2BsTjgFMUU%2F%2ByibN8RSQFb16DauWsp7aAsQ0hkqQvqB6ySGLy1bUSZ7UXTrkUyjqfX5BudD7AzhVIrd4WU8g0xJjHMLte5hVZ4R%2FDCPUFr38cnAMw%3D%3D","environmentVariables":{"FIREBASE_CONFIG":"{\"projectId\":\"feemanagement-a98b2\",\"databaseURL\":\"https://feemanagement-a98b2-default-rtdb.firebaseio.com\",\"storageBucket\":\"feemanagement-a98b2.appspot.com\"}","GCLOUD_PROJECT":"feemanagement-a98b2","EVENTARC_CLOUD_EVENT_SOURCE":"projects/feemanagement-a98b2/locations/us-central1/functions/sendEmailOnStudentAdd"},"runtime":"nodejs18","buildEnvironmentVariables":{"GOOGLE_NODE_RUN_SCRIPTS":""},"dockerRegistry":"ARTIFACT_REGISTRY"},"versionId":"1","updateTime":"2024-09-20T21:04:43Z"}}
[debug] [2024-09-20T21:04:43.329Z] >>> [apiv2][query] GET https://cloudfunctions.googleapis.com/v1/operations/ZmVlbWFuYWdlbWVudC1hOThiMi91cy1jZW50cmFsMS9zZW5kRW1haWxPblN0dWRlbnRBZGQvSF85cG9kWlhCQ3M [none]
[debug] [2024-09-20T21:04:43.462Z] <<< [apiv2][status] GET https://cloudfunctions.googleapis.com/v1/operations/ZmVlbWFuYWdlbWVudC1hOThiMi91cy1jZW50cmFsMS9zZW5kRW1haWxPblN0dWRlbnRBZGQvSF85cG9kWlhCQ3M 200
[debug] [2024-09-20T21:04:43.462Z] <<< [apiv2][body] GET https://cloudfunctions.googleapis.com/v1/operations/ZmVlbWFuYWdlbWVudC1hOThiMi91cy1jZW50cmFsMS9zZW5kRW1haWxPblN0dWRlbnRBZGQvSF85cG9kWlhCQ3M {"name":"operations/ZmVlbWFuYWdlbWVudC1hOThiMi91cy1jZW50cmFsMS9zZW5kRW1haWxPblN0dWRlbnRBZGQvSF85cG9kWlhCQ3M","metadata":{"@type":"type.googleapis.com/google.cloud.functions.v1.OperationMetadataV1","target":"projects/feemanagement-a98b2/locations/us-central1/functions/sendEmailOnStudentAdd","type":"CREATE_FUNCTION","request":{"@type":"type.googleapis.com/google.cloud.functions.v1.CloudFunction","name":"projects/feemanagement-a98b2/locations/us-central1/functions/sendEmailOnStudentAdd","eventTrigger":{"eventType":"providers/cloud.firestore/eventTypes/document.create","resource":"projects/feemanagement-a98b2/databases/(default)/documents/StudentDatabase/{studentId}"},"entryPoint":"sendEmailOnStudentAdd","labels":{"deployment-tool":"cli-firebase","firebase-functions-hash":"42f15b651520700f6162d8344c13a2f12b5bfb5e"},"sourceUploadUrl":"https://storage.googleapis.com/uploads-220820781212.us-central1.cloudfunctions.appspot.com/3052f7c6-9782-4a16-afaa-dac0179228f2.zip?GoogleAccessId=service-662940955651@gcf-admin-robot.iam.gserviceaccount.com&Expires=1726868080&Signature=YdP67UMQ7lXz8uiswj5w5c%2FC4selGQ34kRzNio0sNJRG7EdxwDRNi%2Fc2Sy6t6UpllokXv2HBxoAfceJLyFCWthmf3JmAjIflunwDX8AsrpMmS8fWoFIznxQfnKxlvjRssFGLLEqdGY0d6%2BbfR5mi36NzwE3m1BEZ4Fy3lI734T1gA7X2Ttw3O6iWWFmoMIqfNRnyLx3%2B1zA4N1cLsloVDFSbhvT7fXyEUl6KlW%2BsTjgFMUU%2F%2ByibN8RSQFb16DauWsp7aAsQ0hkqQvqB6ySGLy1bUSZ7UXTrkUyjqfX5BudD7AzhVIrd4WU8g0xJjHMLte5hVZ4R%2FDCPUFr38cnAMw%3D%3D","environmentVariables":{"FIREBASE_CONFIG":"{\"projectId\":\"feemanagement-a98b2\",\"databaseURL\":\"https://feemanagement-a98b2-default-rtdb.firebaseio.com\",\"storageBucket\":\"feemanagement-a98b2.appspot.com\"}","GCLOUD_PROJECT":"feemanagement-a98b2","EVENTARC_CLOUD_EVENT_SOURCE":"projects/feemanagement-a98b2/locations/us-central1/functions/sendEmailOnStudentAdd"},"runtime":"nodejs18","buildEnvironmentVariables":{"GOOGLE_NODE_RUN_SCRIPTS":""},"dockerRegistry":"ARTIFACT_REGISTRY"},"versionId":"1","updateTime":"2024-09-20T21:04:43Z"}}
[debug] [2024-09-20T21:04:43.966Z] [create-default-us-central1-sendEmailOnStudentAdd] Retrying task index 0
[debug] [2024-09-20T21:04:43.967Z] >>> [apiv2][query] GET https://cloudfunctions.googleapis.com/v1/operations/ZmVlbWFuYWdlbWVudC1hOThiMi91cy1jZW50cmFsMS9zZW5kRW1haWxPblN0dWRlbnRBZGQvSF85cG9kWlhCQ3M [none]
[debug] [2024-09-20T21:04:44.138Z] <<< [apiv2][status] GET https://cloudfunctions.googleapis.com/v1/operations/ZmVlbWFuYWdlbWVudC1hOThiMi91cy1jZW50cmFsMS9zZW5kRW1haWxPblN0dWRlbnRBZGQvSF85cG9kWlhCQ3M 200
[debug] [2024-09-20T21:04:44.139Z] <<< [apiv2][body] GET https://cloudfunctions.googleapis.com/v1/operations/ZmVlbWFuYWdlbWVudC1hOThiMi91cy1jZW50cmFsMS9zZW5kRW1haWxPblN0dWRlbnRBZGQvSF85cG9kWlhCQ3M {"name":"operations/ZmVlbWFuYWdlbWVudC1hOThiMi91cy1jZW50cmFsMS9zZW5kRW1haWxPblN0dWRlbnRBZGQvSF85cG9kWlhCQ3M","metadata":{"@type":"type.googleapis.com/google.cloud.functions.v1.OperationMetadataV1","target":"projects/feemanagement-a98b2/locations/us-central1/functions/sendEmailOnStudentAdd","type":"CREATE_FUNCTION","request":{"@type":"type.googleapis.com/google.cloud.functions.v1.CloudFunction","name":"projects/feemanagement-a98b2/locations/us-central1/functions/sendEmailOnStudentAdd","eventTrigger":{"eventType":"providers/cloud.firestore/eventTypes/document.create","resource":"projects/feemanagement-a98b2/databases/(default)/documents/StudentDatabase/{studentId}"},"entryPoint":"sendEmailOnStudentAdd","labels":{"deployment-tool":"cli-firebase","firebase-functions-hash":"42f15b651520700f6162d8344c13a2f12b5bfb5e"},"sourceUploadUrl":"https://storage.googleapis.com/uploads-220820781212.us-central1.cloudfunctions.appspot.com/3052f7c6-9782-4a16-afaa-dac0179228f2.zip?GoogleAccessId=service-662940955651@gcf-admin-robot.iam.gserviceaccount.com&Expires=1726868080&Signature=YdP67UMQ7lXz8uiswj5w5c%2FC4selGQ34kRzNio0sNJRG7EdxwDRNi%2Fc2Sy6t6UpllokXv2HBxoAfceJLyFCWthmf3JmAjIflunwDX8AsrpMmS8fWoFIznxQfnKxlvjRssFGLLEqdGY0d6%2BbfR5mi36NzwE3m1BEZ4Fy3lI734T1gA7X2Ttw3O6iWWFmoMIqfNRnyLx3%2B1zA4N1cLsloVDFSbhvT7fXyEUl6KlW%2BsTjgFMUU%2F%2ByibN8RSQFb16DauWsp7aAsQ0hkqQvqB6ySGLy1bUSZ7UXTrkUyjqfX5BudD7AzhVIrd4WU8g0xJjHMLte5hVZ4R%2FDCPUFr38cnAMw%3D%3D","environmentVariables":{"FIREBASE_CONFIG":"{\"projectId\":\"feemanagement-a98b2\",\"databaseURL\":\"https://feemanagement-a98b2-default-rtdb.firebaseio.com\",\"storageBucket\":\"feemanagement-a98b2.appspot.com\"}","GCLOUD_PROJECT":"feemanagement-a98b2","EVENTARC_CLOUD_EVENT_SOURCE":"projects/feemanagement-a98b2/locations/us-central1/functions/sendEmailOnStudentAdd"},"runtime":"nodejs18","buildEnvironmentVariables":{"GOOGLE_NODE_RUN_SCRIPTS":""},"dockerRegistry":"ARTIFACT_REGISTRY"},"versionId":"1","updateTime":"2024-09-20T21:04:43Z"}}
[debug] [2024-09-20T21:04:45.140Z] [create-default-us-central1-sendEmailOnStudentAdd] Retrying task index 0
[debug] [2024-09-20T21:04:45.141Z] >>> [apiv2][query] GET https://cloudfunctions.googleapis.com/v1/operations/ZmVlbWFuYWdlbWVudC1hOThiMi91cy1jZW50cmFsMS9zZW5kRW1haWxPblN0dWRlbnRBZGQvSF85cG9kWlhCQ3M [none]
[debug] [2024-09-20T21:04:45.409Z] <<< [apiv2][status] GET https://cloudfunctions.googleapis.com/v1/operations/ZmVlbWFuYWdlbWVudC1hOThiMi91cy1jZW50cmFsMS9zZW5kRW1haWxPblN0dWRlbnRBZGQvSF85cG9kWlhCQ3M 200
[debug] [2024-09-20T21:04:45.410Z] <<< [apiv2][body] GET https://cloudfunctions.googleapis.com/v1/operations/ZmVlbWFuYWdlbWVudC1hOThiMi91cy1jZW50cmFsMS9zZW5kRW1haWxPblN0dWRlbnRBZGQvSF85cG9kWlhCQ3M {"name":"operations/ZmVlbWFuYWdlbWVudC1hOThiMi91cy1jZW50cmFsMS9zZW5kRW1haWxPblN0dWRlbnRBZGQvSF85cG9kWlhCQ3M","metadata":{"@type":"type.googleapis.com/google.cloud.functions.v1.OperationMetadataV1","target":"projects/feemanagement-a98b2/locations/us-central1/functions/sendEmailOnStudentAdd","type":"CREATE_FUNCTION","request":{"@type":"type.googleapis.com/google.cloud.functions.v1.CloudFunction","name":"projects/feemanagement-a98b2/locations/us-central1/functions/sendEmailOnStudentAdd","eventTrigger":{"eventType":"providers/cloud.firestore/eventTypes/document.create","resource":"projects/feemanagement-a98b2/databases/(default)/documents/StudentDatabase/{studentId}"},"entryPoint":"sendEmailOnStudentAdd","labels":{"deployment-tool":"cli-firebase","firebase-functions-hash":"42f15b651520700f6162d8344c13a2f12b5bfb5e"},"sourceUploadUrl":"https://storage.googleapis.com/uploads-220820781212.us-central1.cloudfunctions.appspot.com/3052f7c6-9782-4a16-afaa-dac0179228f2.zip?GoogleAccessId=service-662940955651@gcf-admin-robot.iam.gserviceaccount.com&Expires=1726868080&Signature=YdP67UMQ7lXz8uiswj5w5c%2FC4selGQ34kRzNio0sNJRG7EdxwDRNi%2Fc2Sy6t6UpllokXv2HBxoAfceJLyFCWthmf3JmAjIflunwDX8AsrpMmS8fWoFIznxQfnKxlvjRssFGLLEqdGY0d6%2BbfR5mi36NzwE3m1BEZ4Fy3lI734T1gA7X2Ttw3O6iWWFmoMIqfNRnyLx3%2B1zA4N1cLsloVDFSbhvT7fXyEUl6KlW%2BsTjgFMUU%2F%2ByibN8RSQFb16DauWsp7aAsQ0hkqQvqB6ySGLy1bUSZ7UXTrkUyjqfX5BudD7AzhVIrd4WU8g0xJjHMLte5hVZ4R%2FDCPUFr38cnAMw%3D%3D","environmentVariables":{"FIREBASE_CONFIG":"{\"projectId\":\"feemanagement-a98b2\",\"databaseURL\":\"https://feemanagement-a98b2-default-rtdb.firebaseio.com\",\"storageBucket\":\"feemanagement-a98b2.appspot.com\"}","GCLOUD_PROJECT":"feemanagement-a98b2","EVENTARC_CLOUD_EVENT_SOURCE":"projects/feemanagement-a98b2/locations/us-central1/functions/sendEmailOnStudentAdd"},"runtime":"nodejs18","buildEnvironmentVariables":{"GOOGLE_NODE_RUN_SCRIPTS":""},"dockerRegistry":"ARTIFACT_REGISTRY"},"versionId":"1","updateTime":"2024-09-20T21:04:43Z"}}
[debug] [2024-09-20T21:04:47.411Z] [create-default-us-central1-sendEmailOnStudentAdd] Retrying task index 0
[debug] [2024-09-20T21:04:47.411Z] >>> [apiv2][query] GET https://cloudfunctions.googleapis.com/v1/operations/ZmVlbWFuYWdlbWVudC1hOThiMi91cy1jZW50cmFsMS9zZW5kRW1haWxPblN0dWRlbnRBZGQvSF85cG9kWlhCQ3M [none]
[debug] [2024-09-20T21:04:47.686Z] <<< [apiv2][status] GET https://cloudfunctions.googleapis.com/v1/operations/ZmVlbWFuYWdlbWVudC1hOThiMi91cy1jZW50cmFsMS9zZW5kRW1haWxPblN0dWRlbnRBZGQvSF85cG9kWlhCQ3M 200
[debug] [2024-09-20T21:04:47.687Z] <<< [apiv2][body] GET https://cloudfunctions.googleapis.com/v1/operations/ZmVlbWFuYWdlbWVudC1hOThiMi91cy1jZW50cmFsMS9zZW5kRW1haWxPblN0dWRlbnRBZGQvSF85cG9kWlhCQ3M {"name":"operations/ZmVlbWFuYWdlbWVudC1hOThiMi91cy1jZW50cmFsMS9zZW5kRW1haWxPblN0dWRlbnRBZGQvSF85cG9kWlhCQ3M","metadata":{"@type":"type.googleapis.com/google.cloud.functions.v1.OperationMetadataV1","target":"projects/feemanagement-a98b2/locations/us-central1/functions/sendEmailOnStudentAdd","type":"CREATE_FUNCTION","request":{"@type":"type.googleapis.com/google.cloud.functions.v1.CloudFunction","name":"projects/feemanagement-a98b2/locations/us-central1/functions/sendEmailOnStudentAdd","eventTrigger":{"eventType":"providers/cloud.firestore/eventTypes/document.create","resource":"projects/feemanagement-a98b2/databases/(default)/documents/StudentDatabase/{studentId}"},"entryPoint":"sendEmailOnStudentAdd","labels":{"deployment-tool":"cli-firebase","firebase-functions-hash":"42f15b651520700f6162d8344c13a2f12b5bfb5e"},"sourceUploadUrl":"https://storage.googleapis.com/uploads-220820781212.us-central1.cloudfunctions.appspot.com/3052f7c6-9782-4a16-afaa-dac0179228f2.zip?GoogleAccessId=service-662940955651@gcf-admin-robot.iam.gserviceaccount.com&Expires=1726868080&Signature=YdP67UMQ7lXz8uiswj5w5c%2FC4selGQ34kRzNio0sNJRG7EdxwDRNi%2Fc2Sy6t6UpllokXv2HBxoAfceJLyFCWthmf3JmAjIflunwDX8AsrpMmS8fWoFIznxQfnKxlvjRssFGLLEqdGY0d6%2BbfR5mi36NzwE3m1BEZ4Fy3lI734T1gA7X2Ttw3O6iWWFmoMIqfNRnyLx3%2B1zA4N1cLsloVDFSbhvT7fXyEUl6KlW%2BsTjgFMUU%2F%2ByibN8RSQFb16DauWsp7aAsQ0hkqQvqB6ySGLy1bUSZ7UXTrkUyjqfX5BudD7AzhVIrd4WU8g0xJjHMLte5hVZ4R%2FDCPUFr38cnAMw%3D%3D","environmentVariables":{"FIREBASE_CONFIG":"{\"projectId\":\"feemanagement-a98b2\",\"databaseURL\":\"https://feemanagement-a98b2-default-rtdb.firebaseio.com\",\"storageBucket\":\"feemanagement-a98b2.appspot.com\"}","GCLOUD_PROJECT":"feemanagement-a98b2","EVENTARC_CLOUD_EVENT_SOURCE":"projects/feemanagement-a98b2/locations/us-central1/functions/sendEmailOnStudentAdd"},"runtime":"nodejs18","buildEnvironmentVariables":{"GOOGLE_NODE_RUN_SCRIPTS":""},"dockerRegistry":"ARTIFACT_REGISTRY"},"versionId":"1","updateTime":"2024-09-20T21:04:43Z"}}
[debug] [2024-09-20T21:04:51.688Z] [create-default-us-central1-sendEmailOnStudentAdd] Retrying task index 0
[debug] [2024-09-20T21:04:51.689Z] >>> [apiv2][query] GET https://cloudfunctions.googleapis.com/v1/operations/ZmVlbWFuYWdlbWVudC1hOThiMi91cy1jZW50cmFsMS9zZW5kRW1haWxPblN0dWRlbnRBZGQvSF85cG9kWlhCQ3M [none]
[debug] [2024-09-20T21:04:51.880Z] <<< [apiv2][status] GET https://cloudfunctions.googleapis.com/v1/operations/ZmVlbWFuYWdlbWVudC1hOThiMi91cy1jZW50cmFsMS9zZW5kRW1haWxPblN0dWRlbnRBZGQvSF85cG9kWlhCQ3M 200
[debug] [2024-09-20T21:04:51.880Z] <<< [apiv2][body] GET https://cloudfunctions.googleapis.com/v1/operations/ZmVlbWFuYWdlbWVudC1hOThiMi91cy1jZW50cmFsMS9zZW5kRW1haWxPblN0dWRlbnRBZGQvSF85cG9kWlhCQ3M {"name":"operations/ZmVlbWFuYWdlbWVudC1hOThiMi91cy1jZW50cmFsMS9zZW5kRW1haWxPblN0dWRlbnRBZGQvSF85cG9kWlhCQ3M","metadata":{"@type":"type.googleapis.com/google.cloud.functions.v1.OperationMetadataV1","target":"projects/feemanagement-a98b2/locations/us-central1/functions/sendEmailOnStudentAdd","type":"CREATE_FUNCTION","request":{"@type":"type.googleapis.com/google.cloud.functions.v1.CloudFunction","name":"projects/feemanagement-a98b2/locations/us-central1/functions/sendEmailOnStudentAdd","eventTrigger":{"eventType":"providers/cloud.firestore/eventTypes/document.create","resource":"projects/feemanagement-a98b2/databases/(default)/documents/StudentDatabase/{studentId}"},"entryPoint":"sendEmailOnStudentAdd","labels":{"deployment-tool":"cli-firebase","firebase-functions-hash":"42f15b651520700f6162d8344c13a2f12b5bfb5e"},"sourceUploadUrl":"https://storage.googleapis.com/uploads-220820781212.us-central1.cloudfunctions.appspot.com/3052f7c6-9782-4a16-afaa-dac0179228f2.zip?GoogleAccessId=service-662940955651@gcf-admin-robot.iam.gserviceaccount.com&Expires=1726868080&Signature=YdP67UMQ7lXz8uiswj5w5c%2FC4selGQ34kRzNio0sNJRG7EdxwDRNi%2Fc2Sy6t6UpllokXv2HBxoAfceJLyFCWthmf3JmAjIflunwDX8AsrpMmS8fWoFIznxQfnKxlvjRssFGLLEqdGY0d6%2BbfR5mi36NzwE3m1BEZ4Fy3lI734T1gA7X2Ttw3O6iWWFmoMIqfNRnyLx3%2B1zA4N1cLsloVDFSbhvT7fXyEUl6KlW%2BsTjgFMUU%2F%2ByibN8RSQFb16DauWsp7aAsQ0hkqQvqB6ySGLy1bUSZ7UXTrkUyjqfX5BudD7AzhVIrd4WU8g0xJjHMLte5hVZ4R%2FDCPUFr38cnAMw%3D%3D","environmentVariables":{"FIREBASE_CONFIG":"{\"projectId\":\"feemanagement-a98b2\",\"databaseURL\":\"https://feemanagement-a98b2-default-rtdb.firebaseio.com\",\"storageBucket\":\"feemanagement-a98b2.appspot.com\"}","GCLOUD_PROJECT":"feemanagement-a98b2","EVENTARC_CLOUD_EVENT_SOURCE":"projects/feemanagement-a98b2/locations/us-central1/functions/sendEmailOnStudentAdd"},"runtime":"nodejs18","buildEnvironmentVariables":{"GOOGLE_NODE_RUN_SCRIPTS":""},"dockerRegistry":"ARTIFACT_REGISTRY"},"versionId":"1","updateTime":"2024-09-20T21:04:43Z"}}
[debug] [2024-09-20T21:04:59.882Z] [create-default-us-central1-sendEmailOnStudentAdd] Retrying task index 0
[debug] [2024-09-20T21:04:59.883Z] >>> [apiv2][query] GET https://cloudfunctions.googleapis.com/v1/operations/ZmVlbWFuYWdlbWVudC1hOThiMi91cy1jZW50cmFsMS9zZW5kRW1haWxPblN0dWRlbnRBZGQvSF85cG9kWlhCQ3M [none]
[debug] [2024-09-20T21:05:00.224Z] <<< [apiv2][status] GET https://cloudfunctions.googleapis.com/v1/operations/ZmVlbWFuYWdlbWVudC1hOThiMi91cy1jZW50cmFsMS9zZW5kRW1haWxPblN0dWRlbnRBZGQvSF85cG9kWlhCQ3M 200
[debug] [2024-09-20T21:05:00.225Z] <<< [apiv2][body] GET https://cloudfunctions.googleapis.com/v1/operations/ZmVlbWFuYWdlbWVudC1hOThiMi91cy1jZW50cmFsMS9zZW5kRW1haWxPblN0dWRlbnRBZGQvSF85cG9kWlhCQ3M {"name":"operations/ZmVlbWFuYWdlbWVudC1hOThiMi91cy1jZW50cmFsMS9zZW5kRW1haWxPblN0dWRlbnRBZGQvSF85cG9kWlhCQ3M","metadata":{"@type":"type.googleapis.com/google.cloud.functions.v1.OperationMetadataV1","target":"projects/feemanagement-a98b2/locations/us-central1/functions/sendEmailOnStudentAdd","type":"CREATE_FUNCTION","request":{"@type":"type.googleapis.com/google.cloud.functions.v1.CloudFunction","name":"projects/feemanagement-a98b2/locations/us-central1/functions/sendEmailOnStudentAdd","eventTrigger":{"eventType":"providers/cloud.firestore/eventTypes/document.create","resource":"projects/feemanagement-a98b2/databases/(default)/documents/StudentDatabase/{studentId}"},"entryPoint":"sendEmailOnStudentAdd","labels":{"deployment-tool":"cli-firebase","firebase-functions-hash":"42f15b651520700f6162d8344c13a2f12b5bfb5e"},"sourceUploadUrl":"https://storage.googleapis.com/uploads-220820781212.us-central1.cloudfunctions.appspot.com/3052f7c6-9782-4a16-afaa-dac0179228f2.zip?GoogleAccessId=service-662940955651@gcf-admin-robot.iam.gserviceaccount.com&Expires=1726868080&Signature=YdP67UMQ7lXz8uiswj5w5c%2FC4selGQ34kRzNio0sNJRG7EdxwDRNi%2Fc2Sy6t6UpllokXv2HBxoAfceJLyFCWthmf3JmAjIflunwDX8AsrpMmS8fWoFIznxQfnKxlvjRssFGLLEqdGY0d6%2BbfR5mi36NzwE3m1BEZ4Fy3lI734T1gA7X2Ttw3O6iWWFmoMIqfNRnyLx3%2B1zA4N1cLsloVDFSbhvT7fXyEUl6KlW%2BsTjgFMUU%2F%2ByibN8RSQFb16DauWsp7aAsQ0hkqQvqB6ySGLy1bUSZ7UXTrkUyjqfX5BudD7AzhVIrd4WU8g0xJjHMLte5hVZ4R%2FDCPUFr38cnAMw%3D%3D","environmentVariables":{"FIREBASE_CONFIG":"{\"projectId\":\"feemanagement-a98b2\",\"databaseURL\":\"https://feemanagement-a98b2-default-rtdb.firebaseio.com\",\"storageBucket\":\"feemanagement-a98b2.appspot.com\"}","GCLOUD_PROJECT":"feemanagement-a98b2","EVENTARC_CLOUD_EVENT_SOURCE":"projects/feemanagement-a98b2/locations/us-central1/functions/sendEmailOnStudentAdd"},"runtime":"nodejs18","buildEnvironmentVariables":{"GOOGLE_NODE_RUN_SCRIPTS":""},"dockerRegistry":"ARTIFACT_REGISTRY"},"versionId":"1","updateTime":"2024-09-20T21:04:43Z","buildId":"dfe179fd-4fa0-40aa-9117-6dba4e96dc36","buildName":"projects/662940955651/locations/us-central1/builds/dfe179fd-4fa0-40aa-9117-6dba4e96dc36"}}
[debug] [2024-09-20T21:05:10.227Z] [create-default-us-central1-sendEmailOnStudentAdd] Retrying task index 0
[debug] [2024-09-20T21:05:10.228Z] >>> [apiv2][query] GET https://cloudfunctions.googleapis.com/v1/operations/ZmVlbWFuYWdlbWVudC1hOThiMi91cy1jZW50cmFsMS9zZW5kRW1haWxPblN0dWRlbnRBZGQvSF85cG9kWlhCQ3M [none]
[debug] [2024-09-20T21:05:10.409Z] <<< [apiv2][status] GET https://cloudfunctions.googleapis.com/v1/operations/ZmVlbWFuYWdlbWVudC1hOThiMi91cy1jZW50cmFsMS9zZW5kRW1haWxPblN0dWRlbnRBZGQvSF85cG9kWlhCQ3M 200
[debug] [2024-09-20T21:05:10.410Z] <<< [apiv2][body] GET https://cloudfunctions.googleapis.com/v1/operations/ZmVlbWFuYWdlbWVudC1hOThiMi91cy1jZW50cmFsMS9zZW5kRW1haWxPblN0dWRlbnRBZGQvSF85cG9kWlhCQ3M {"name":"operations/ZmVlbWFuYWdlbWVudC1hOThiMi91cy1jZW50cmFsMS9zZW5kRW1haWxPblN0dWRlbnRBZGQvSF85cG9kWlhCQ3M","metadata":{"@type":"type.googleapis.com/google.cloud.functions.v1.OperationMetadataV1","target":"projects/feemanagement-a98b2/locations/us-central1/functions/sendEmailOnStudentAdd","type":"CREATE_FUNCTION","request":{"@type":"type.googleapis.com/google.cloud.functions.v1.CloudFunction","name":"projects/feemanagement-a98b2/locations/us-central1/functions/sendEmailOnStudentAdd","eventTrigger":{"eventType":"providers/cloud.firestore/eventTypes/document.create","resource":"projects/feemanagement-a98b2/databases/(default)/documents/StudentDatabase/{studentId}"},"entryPoint":"sendEmailOnStudentAdd","labels":{"deployment-tool":"cli-firebase","firebase-functions-hash":"42f15b651520700f6162d8344c13a2f12b5bfb5e"},"sourceUploadUrl":"https://storage.googleapis.com/uploads-220820781212.us-central1.cloudfunctions.appspot.com/3052f7c6-9782-4a16-afaa-dac0179228f2.zip?GoogleAccessId=service-662940955651@gcf-admin-robot.iam.gserviceaccount.com&Expires=1726868080&Signature=YdP67UMQ7lXz8uiswj5w5c%2FC4selGQ34kRzNio0sNJRG7EdxwDRNi%2Fc2Sy6t6UpllokXv2HBxoAfceJLyFCWthmf3JmAjIflunwDX8AsrpMmS8fWoFIznxQfnKxlvjRssFGLLEqdGY0d6%2BbfR5mi36NzwE3m1BEZ4Fy3lI734T1gA7X2Ttw3O6iWWFmoMIqfNRnyLx3%2B1zA4N1cLsloVDFSbhvT7fXyEUl6KlW%2BsTjgFMUU%2F%2ByibN8RSQFb16DauWsp7aAsQ0hkqQvqB6ySGLy1bUSZ7UXTrkUyjqfX5BudD7AzhVIrd4WU8g0xJjHMLte5hVZ4R%2FDCPUFr38cnAMw%3D%3D","environmentVariables":{"FIREBASE_CONFIG":"{\"projectId\":\"feemanagement-a98b2\",\"databaseURL\":\"https://feemanagement-a98b2-default-rtdb.firebaseio.com\",\"storageBucket\":\"feemanagement-a98b2.appspot.com\"}","GCLOUD_PROJECT":"feemanagement-a98b2","EVENTARC_CLOUD_EVENT_SOURCE":"projects/feemanagement-a98b2/locations/us-central1/functions/sendEmailOnStudentAdd"},"runtime":"nodejs18","buildEnvironmentVariables":{"GOOGLE_NODE_RUN_SCRIPTS":""},"dockerRegistry":"ARTIFACT_REGISTRY"},"versionId":"1","updateTime":"2024-09-20T21:04:43Z","buildId":"dfe179fd-4fa0-40aa-9117-6dba4e96dc36","buildName":"projects/662940955651/locations/us-central1/builds/dfe179fd-4fa0-40aa-9117-6dba4e96dc36"}}
[debug] [2024-09-20T21:05:20.412Z] [create-default-us-central1-sendEmailOnStudentAdd] Retrying task index 0
[debug] [2024-09-20T21:05:20.413Z] >>> [apiv2][query] GET https://cloudfunctions.googleapis.com/v1/operations/ZmVlbWFuYWdlbWVudC1hOThiMi91cy1jZW50cmFsMS9zZW5kRW1haWxPblN0dWRlbnRBZGQvSF85cG9kWlhCQ3M [none]
[debug] [2024-09-20T21:05:20.719Z] <<< [apiv2][status] GET https://cloudfunctions.googleapis.com/v1/operations/ZmVlbWFuYWdlbWVudC1hOThiMi91cy1jZW50cmFsMS9zZW5kRW1haWxPblN0dWRlbnRBZGQvSF85cG9kWlhCQ3M 200
[debug] [2024-09-20T21:05:20.719Z] <<< [apiv2][body] GET https://cloudfunctions.googleapis.com/v1/operations/ZmVlbWFuYWdlbWVudC1hOThiMi91cy1jZW50cmFsMS9zZW5kRW1haWxPblN0dWRlbnRBZGQvSF85cG9kWlhCQ3M {"name":"operations/ZmVlbWFuYWdlbWVudC1hOThiMi91cy1jZW50cmFsMS9zZW5kRW1haWxPblN0dWRlbnRBZGQvSF85cG9kWlhCQ3M","metadata":{"@type":"type.googleapis.com/google.cloud.functions.v1.OperationMetadataV1","target":"projects/feemanagement-a98b2/locations/us-central1/functions/sendEmailOnStudentAdd","type":"CREATE_FUNCTION","request":{"@type":"type.googleapis.com/google.cloud.functions.v1.CloudFunction","name":"projects/feemanagement-a98b2/locations/us-central1/functions/sendEmailOnStudentAdd","eventTrigger":{"eventType":"providers/cloud.firestore/eventTypes/document.create","resource":"projects/feemanagement-a98b2/databases/(default)/documents/StudentDatabase/{studentId}"},"entryPoint":"sendEmailOnStudentAdd","labels":{"deployment-tool":"cli-firebase","firebase-functions-hash":"42f15b651520700f6162d8344c13a2f12b5bfb5e"},"sourceUploadUrl":"https://storage.googleapis.com/uploads-220820781212.us-central1.cloudfunctions.appspot.com/3052f7c6-9782-4a16-afaa-dac0179228f2.zip?GoogleAccessId=service-662940955651@gcf-admin-robot.iam.gserviceaccount.com&Expires=1726868080&Signature=YdP67UMQ7lXz8uiswj5w5c%2FC4selGQ34kRzNio0sNJRG7EdxwDRNi%2Fc2Sy6t6UpllokXv2HBxoAfceJLyFCWthmf3JmAjIflunwDX8AsrpMmS8fWoFIznxQfnKxlvjRssFGLLEqdGY0d6%2BbfR5mi36NzwE3m1BEZ4Fy3lI734T1gA7X2Ttw3O6iWWFmoMIqfNRnyLx3%2B1zA4N1cLsloVDFSbhvT7fXyEUl6KlW%2BsTjgFMUU%2F%2ByibN8RSQFb16DauWsp7aAsQ0hkqQvqB6ySGLy1bUSZ7UXTrkUyjqfX5BudD7AzhVIrd4WU8g0xJjHMLte5hVZ4R%2FDCPUFr38cnAMw%3D%3D","environmentVariables":{"FIREBASE_CONFIG":"{\"projectId\":\"feemanagement-a98b2\",\"databaseURL\":\"https://feemanagement-a98b2-default-rtdb.firebaseio.com\",\"storageBucket\":\"feemanagement-a98b2.appspot.com\"}","GCLOUD_PROJECT":"feemanagement-a98b2","EVENTARC_CLOUD_EVENT_SOURCE":"projects/feemanagement-a98b2/locations/us-central1/functions/sendEmailOnStudentAdd"},"runtime":"nodejs18","buildEnvironmentVariables":{"GOOGLE_NODE_RUN_SCRIPTS":""},"dockerRegistry":"ARTIFACT_REGISTRY"},"versionId":"1","updateTime":"2024-09-20T21:04:43Z","buildId":"dfe179fd-4fa0-40aa-9117-6dba4e96dc36","buildName":"projects/662940955651/locations/us-central1/builds/dfe179fd-4fa0-40aa-9117-6dba4e96dc36"}}
[debug] [2024-09-20T21:05:30.721Z] [create-default-us-central1-sendEmailOnStudentAdd] Retrying task index 0
[debug] [2024-09-20T21:05:30.722Z] >>> [apiv2][query] GET https://cloudfunctions.googleapis.com/v1/operations/ZmVlbWFuYWdlbWVudC1hOThiMi91cy1jZW50cmFsMS9zZW5kRW1haWxPblN0dWRlbnRBZGQvSF85cG9kWlhCQ3M [none]
[debug] [2024-09-20T21:05:31.024Z] <<< [apiv2][status] GET https://cloudfunctions.googleapis.com/v1/operations/ZmVlbWFuYWdlbWVudC1hOThiMi91cy1jZW50cmFsMS9zZW5kRW1haWxPblN0dWRlbnRBZGQvSF85cG9kWlhCQ3M 200
[debug] [2024-09-20T21:05:31.024Z] <<< [apiv2][body] GET https://cloudfunctions.googleapis.com/v1/operations/ZmVlbWFuYWdlbWVudC1hOThiMi91cy1jZW50cmFsMS9zZW5kRW1haWxPblN0dWRlbnRBZGQvSF85cG9kWlhCQ3M {"name":"operations/ZmVlbWFuYWdlbWVudC1hOThiMi91cy1jZW50cmFsMS9zZW5kRW1haWxPblN0dWRlbnRBZGQvSF85cG9kWlhCQ3M","metadata":{"@type":"type.googleapis.com/google.cloud.functions.v1.OperationMetadataV1","target":"projects/feemanagement-a98b2/locations/us-central1/functions/sendEmailOnStudentAdd","type":"CREATE_FUNCTION","request":{"@type":"type.googleapis.com/google.cloud.functions.v1.CloudFunction","name":"projects/feemanagement-a98b2/locations/us-central1/functions/sendEmailOnStudentAdd","eventTrigger":{"eventType":"providers/cloud.firestore/eventTypes/document.create","resource":"projects/feemanagement-a98b2/databases/(default)/documents/StudentDatabase/{studentId}"},"entryPoint":"sendEmailOnStudentAdd","labels":{"deployment-tool":"cli-firebase","firebase-functions-hash":"42f15b651520700f6162d8344c13a2f12b5bfb5e"},"sourceUploadUrl":"https://storage.googleapis.com/uploads-220820781212.us-central1.cloudfunctions.appspot.com/3052f7c6-9782-4a16-afaa-dac0179228f2.zip?GoogleAccessId=service-662940955651@gcf-admin-robot.iam.gserviceaccount.com&Expires=1726868080&Signature=YdP67UMQ7lXz8uiswj5w5c%2FC4selGQ34kRzNio0sNJRG7EdxwDRNi%2Fc2Sy6t6UpllokXv2HBxoAfceJLyFCWthmf3JmAjIflunwDX8AsrpMmS8fWoFIznxQfnKxlvjRssFGLLEqdGY0d6%2BbfR5mi36NzwE3m1BEZ4Fy3lI734T1gA7X2Ttw3O6iWWFmoMIqfNRnyLx3%2B1zA4N1cLsloVDFSbhvT7fXyEUl6KlW%2BsTjgFMUU%2F%2ByibN8RSQFb16DauWsp7aAsQ0hkqQvqB6ySGLy1bUSZ7UXTrkUyjqfX5BudD7AzhVIrd4WU8g0xJjHMLte5hVZ4R%2FDCPUFr38cnAMw%3D%3D","environmentVariables":{"FIREBASE_CONFIG":"{\"projectId\":\"feemanagement-a98b2\",\"databaseURL\":\"https://feemanagement-a98b2-default-rtdb.firebaseio.com\",\"storageBucket\":\"feemanagement-a98b2.appspot.com\"}","GCLOUD_PROJECT":"feemanagement-a98b2","EVENTARC_CLOUD_EVENT_SOURCE":"projects/feemanagement-a98b2/locations/us-central1/functions/sendEmailOnStudentAdd"},"runtime":"nodejs18","buildEnvironmentVariables":{"GOOGLE_NODE_RUN_SCRIPTS":""},"dockerRegistry":"ARTIFACT_REGISTRY"},"versionId":"1","updateTime":"2024-09-20T21:04:43Z","buildId":"dfe179fd-4fa0-40aa-9117-6dba4e96dc36","buildName":"projects/662940955651/locations/us-central1/builds/dfe179fd-4fa0-40aa-9117-6dba4e96dc36"}}
[debug] [2024-09-20T21:05:41.026Z] [create-default-us-central1-sendEmailOnStudentAdd] Retrying task index 0
[debug] [2024-09-20T21:05:41.027Z] >>> [apiv2][query] GET https://cloudfunctions.googleapis.com/v1/operations/ZmVlbWFuYWdlbWVudC1hOThiMi91cy1jZW50cmFsMS9zZW5kRW1haWxPblN0dWRlbnRBZGQvSF85cG9kWlhCQ3M [none]
[debug] [2024-09-20T21:05:41.512Z] <<< [apiv2][status] GET https://cloudfunctions.googleapis.com/v1/operations/ZmVlbWFuYWdlbWVudC1hOThiMi91cy1jZW50cmFsMS9zZW5kRW1haWxPblN0dWRlbnRBZGQvSF85cG9kWlhCQ3M 200
[debug] [2024-09-20T21:05:41.512Z] <<< [apiv2][body] GET https://cloudfunctions.googleapis.com/v1/operations/ZmVlbWFuYWdlbWVudC1hOThiMi91cy1jZW50cmFsMS9zZW5kRW1haWxPblN0dWRlbnRBZGQvSF85cG9kWlhCQ3M {"name":"operations/ZmVlbWFuYWdlbWVudC1hOThiMi91cy1jZW50cmFsMS9zZW5kRW1haWxPblN0dWRlbnRBZGQvSF85cG9kWlhCQ3M","metadata":{"@type":"type.googleapis.com/google.cloud.functions.v1.OperationMetadataV1","target":"projects/feemanagement-a98b2/locations/us-central1/functions/sendEmailOnStudentAdd","type":"CREATE_FUNCTION","request":{"@type":"type.googleapis.com/google.cloud.functions.v1.CloudFunction","name":"projects/feemanagement-a98b2/locations/us-central1/functions/sendEmailOnStudentAdd","eventTrigger":{"eventType":"providers/cloud.firestore/eventTypes/document.create","resource":"projects/feemanagement-a98b2/databases/(default)/documents/StudentDatabase/{studentId}"},"entryPoint":"sendEmailOnStudentAdd","labels":{"deployment-tool":"cli-firebase","firebase-functions-hash":"42f15b651520700f6162d8344c13a2f12b5bfb5e"},"sourceUploadUrl":"https://storage.googleapis.com/uploads-220820781212.us-central1.cloudfunctions.appspot.com/3052f7c6-9782-4a16-afaa-dac0179228f2.zip?GoogleAccessId=service-662940955651@gcf-admin-robot.iam.gserviceaccount.com&Expires=1726868080&Signature=YdP67UMQ7lXz8uiswj5w5c%2FC4selGQ34kRzNio0sNJRG7EdxwDRNi%2Fc2Sy6t6UpllokXv2HBxoAfceJLyFCWthmf3JmAjIflunwDX8AsrpMmS8fWoFIznxQfnKxlvjRssFGLLEqdGY0d6%2BbfR5mi36NzwE3m1BEZ4Fy3lI734T1gA7X2Ttw3O6iWWFmoMIqfNRnyLx3%2B1zA4N1cLsloVDFSbhvT7fXyEUl6KlW%2BsTjgFMUU%2F%2ByibN8RSQFb16DauWsp7aAsQ0hkqQvqB6ySGLy1bUSZ7UXTrkUyjqfX5BudD7AzhVIrd4WU8g0xJjHMLte5hVZ4R%2FDCPUFr38cnAMw%3D%3D","environmentVariables":{"FIREBASE_CONFIG":"{\"projectId\":\"feemanagement-a98b2\",\"databaseURL\":\"https://feemanagement-a98b2-default-rtdb.firebaseio.com\",\"storageBucket\":\"feemanagement-a98b2.appspot.com\"}","GCLOUD_PROJECT":"feemanagement-a98b2","EVENTARC_CLOUD_EVENT_SOURCE":"projects/feemanagement-a98b2/locations/us-central1/functions/sendEmailOnStudentAdd"},"runtime":"nodejs18","buildEnvironmentVariables":{"GOOGLE_NODE_RUN_SCRIPTS":""},"dockerRegistry":"ARTIFACT_REGISTRY"},"versionId":"1","updateTime":"2024-09-20T21:04:43Z","buildId":"dfe179fd-4fa0-40aa-9117-6dba4e96dc36","buildName":"projects/662940955651/locations/us-central1/builds/dfe179fd-4fa0-40aa-9117-6dba4e96dc36"}}
[debug] [2024-09-20T21:05:51.514Z] [create-default-us-central1-sendEmailOnStudentAdd] Retrying task index 0
[debug] [2024-09-20T21:05:51.515Z] >>> [apiv2][query] GET https://cloudfunctions.googleapis.com/v1/operations/ZmVlbWFuYWdlbWVudC1hOThiMi91cy1jZW50cmFsMS9zZW5kRW1haWxPblN0dWRlbnRBZGQvSF85cG9kWlhCQ3M [none]
[debug] [2024-09-20T21:05:52.030Z] <<< [apiv2][status] GET https://cloudfunctions.googleapis.com/v1/operations/ZmVlbWFuYWdlbWVudC1hOThiMi91cy1jZW50cmFsMS9zZW5kRW1haWxPblN0dWRlbnRBZGQvSF85cG9kWlhCQ3M 200
[debug] [2024-09-20T21:05:52.030Z] <<< [apiv2][body] GET https://cloudfunctions.googleapis.com/v1/operations/ZmVlbWFuYWdlbWVudC1hOThiMi91cy1jZW50cmFsMS9zZW5kRW1haWxPblN0dWRlbnRBZGQvSF85cG9kWlhCQ3M {"name":"operations/ZmVlbWFuYWdlbWVudC1hOThiMi91cy1jZW50cmFsMS9zZW5kRW1haWxPblN0dWRlbnRBZGQvSF85cG9kWlhCQ3M","metadata":{"@type":"type.googleapis.com/google.cloud.functions.v1.OperationMetadataV1","target":"projects/feemanagement-a98b2/locations/us-central1/functions/sendEmailOnStudentAdd","type":"CREATE_FUNCTION","request":{"@type":"type.googleapis.com/google.cloud.functions.v1.CloudFunction","name":"projects/feemanagement-a98b2/locations/us-central1/functions/sendEmailOnStudentAdd","eventTrigger":{"eventType":"providers/cloud.firestore/eventTypes/document.create","resource":"projects/feemanagement-a98b2/databases/(default)/documents/StudentDatabase/{studentId}"},"entryPoint":"sendEmailOnStudentAdd","labels":{"deployment-tool":"cli-firebase","firebase-functions-hash":"42f15b651520700f6162d8344c13a2f12b5bfb5e"},"sourceUploadUrl":"https://storage.googleapis.com/uploads-220820781212.us-central1.cloudfunctions.appspot.com/3052f7c6-9782-4a16-afaa-dac0179228f2.zip?GoogleAccessId=service-662940955651@gcf-admin-robot.iam.gserviceaccount.com&Expires=1726868080&Signature=YdP67UMQ7lXz8uiswj5w5c%2FC4selGQ34kRzNio0sNJRG7EdxwDRNi%2Fc2Sy6t6UpllokXv2HBxoAfceJLyFCWthmf3JmAjIflunwDX8AsrpMmS8fWoFIznxQfnKxlvjRssFGLLEqdGY0d6%2BbfR5mi36NzwE3m1BEZ4Fy3lI734T1gA7X2Ttw3O6iWWFmoMIqfNRnyLx3%2B1zA4N1cLsloVDFSbhvT7fXyEUl6KlW%2BsTjgFMUU%2F%2ByibN8RSQFb16DauWsp7aAsQ0hkqQvqB6ySGLy1bUSZ7UXTrkUyjqfX5BudD7AzhVIrd4WU8g0xJjHMLte5hVZ4R%2FDCPUFr38cnAMw%3D%3D","environmentVariables":{"FIREBASE_CONFIG":"{\"projectId\":\"feemanagement-a98b2\",\"databaseURL\":\"https://feemanagement-a98b2-default-rtdb.firebaseio.com\",\"storageBucket\":\"feemanagement-a98b2.appspot.com\"}","GCLOUD_PROJECT":"feemanagement-a98b2","EVENTARC_CLOUD_EVENT_SOURCE":"projects/feemanagement-a98b2/locations/us-central1/functions/sendEmailOnStudentAdd"},"runtime":"nodejs18","buildEnvironmentVariables":{"GOOGLE_NODE_RUN_SCRIPTS":""},"dockerRegistry":"ARTIFACT_REGISTRY"},"versionId":"1","updateTime":"2024-09-20T21:04:43Z","buildId":"dfe179fd-4fa0-40aa-9117-6dba4e96dc36","sourceToken":"5937db3d-4a23-406b-adfd-eefe719f2236","buildName":"projects/662940955651/locations/us-central1/builds/dfe179fd-4fa0-40aa-9117-6dba4e96dc36"}}
[debug] [2024-09-20T21:05:52.031Z] Got source token 5937db3d-4a23-406b-adfd-eefe719f2236 for region us-central1
[debug] [2024-09-20T21:06:02.031Z] [create-default-us-central1-sendEmailOnStudentAdd] Retrying task index 0
[debug] [2024-09-20T21:06:02.032Z] >>> [apiv2][query] GET https://cloudfunctions.googleapis.com/v1/operations/ZmVlbWFuYWdlbWVudC1hOThiMi91cy1jZW50cmFsMS9zZW5kRW1haWxPblN0dWRlbnRBZGQvSF85cG9kWlhCQ3M [none]
[debug] [2024-09-20T21:06:02.349Z] <<< [apiv2][status] GET https://cloudfunctions.googleapis.com/v1/operations/ZmVlbWFuYWdlbWVudC1hOThiMi91cy1jZW50cmFsMS9zZW5kRW1haWxPblN0dWRlbnRBZGQvSF85cG9kWlhCQ3M 200
[debug] [2024-09-20T21:06:02.349Z] <<< [apiv2][body] GET https://cloudfunctions.googleapis.com/v1/operations/ZmVlbWFuYWdlbWVudC1hOThiMi91cy1jZW50cmFsMS9zZW5kRW1haWxPblN0dWRlbnRBZGQvSF85cG9kWlhCQ3M {"name":"operations/ZmVlbWFuYWdlbWVudC1hOThiMi91cy1jZW50cmFsMS9zZW5kRW1haWxPblN0dWRlbnRBZGQvSF85cG9kWlhCQ3M","metadata":{"@type":"type.googleapis.com/google.cloud.functions.v1.OperationMetadataV1","target":"projects/feemanagement-a98b2/locations/us-central1/functions/sendEmailOnStudentAdd","type":"CREATE_FUNCTION","request":{"@type":"type.googleapis.com/google.cloud.functions.v1.CloudFunction","name":"projects/feemanagement-a98b2/locations/us-central1/functions/sendEmailOnStudentAdd","eventTrigger":{"eventType":"providers/cloud.firestore/eventTypes/document.create","resource":"projects/feemanagement-a98b2/databases/(default)/documents/StudentDatabase/{studentId}"},"entryPoint":"sendEmailOnStudentAdd","labels":{"deployment-tool":"cli-firebase","firebase-functions-hash":"42f15b651520700f6162d8344c13a2f12b5bfb5e"},"sourceUploadUrl":"https://storage.googleapis.com/uploads-220820781212.us-central1.cloudfunctions.appspot.com/3052f7c6-9782-4a16-afaa-dac0179228f2.zip?GoogleAccessId=service-662940955651@gcf-admin-robot.iam.gserviceaccount.com&Expires=1726868080&Signature=YdP67UMQ7lXz8uiswj5w5c%2FC4selGQ34kRzNio0sNJRG7EdxwDRNi%2Fc2Sy6t6UpllokXv2HBxoAfceJLyFCWthmf3JmAjIflunwDX8AsrpMmS8fWoFIznxQfnKxlvjRssFGLLEqdGY0d6%2BbfR5mi36NzwE3m1BEZ4Fy3lI734T1gA7X2Ttw3O6iWWFmoMIqfNRnyLx3%2B1zA4N1cLsloVDFSbhvT7fXyEUl6KlW%2BsTjgFMUU%2F%2ByibN8RSQFb16DauWsp7aAsQ0hkqQvqB6ySGLy1bUSZ7UXTrkUyjqfX5BudD7AzhVIrd4WU8g0xJjHMLte5hVZ4R%2FDCPUFr38cnAMw%3D%3D","environmentVariables":{"FIREBASE_CONFIG":"{\"projectId\":\"feemanagement-a98b2\",\"databaseURL\":\"https://feemanagement-a98b2-default-rtdb.firebaseio.com\",\"storageBucket\":\"feemanagement-a98b2.appspot.com\"}","GCLOUD_PROJECT":"feemanagement-a98b2","EVENTARC_CLOUD_EVENT_SOURCE":"projects/feemanagement-a98b2/locations/us-central1/functions/sendEmailOnStudentAdd"},"runtime":"nodejs18","buildEnvironmentVariables":{"GOOGLE_NODE_RUN_SCRIPTS":""},"dockerRegistry":"ARTIFACT_REGISTRY"},"versionId":"1","updateTime":"2024-09-20T21:04:43Z","buildId":"dfe179fd-4fa0-40aa-9117-6dba4e96dc36","sourceToken":"5937db3d-4a23-406b-adfd-eefe719f2236","buildName":"projects/662940955651/locations/us-central1/builds/dfe179fd-4fa0-40aa-9117-6dba4e96dc36"}}
[debug] [2024-09-20T21:06:02.350Z] Got source token 5937db3d-4a23-406b-adfd-eefe719f2236 for region us-central1
[debug] [2024-09-20T21:06:12.351Z] [create-default-us-central1-sendEmailOnStudentAdd] Retrying task index 0
[debug] [2024-09-20T21:06:12.352Z] >>> [apiv2][query] GET https://cloudfunctions.googleapis.com/v1/operations/ZmVlbWFuYWdlbWVudC1hOThiMi91cy1jZW50cmFsMS9zZW5kRW1haWxPblN0dWRlbnRBZGQvSF85cG9kWlhCQ3M [none]
[debug] [2024-09-20T21:06:12.623Z] <<< [apiv2][status] GET https://cloudfunctions.googleapis.com/v1/operations/ZmVlbWFuYWdlbWVudC1hOThiMi91cy1jZW50cmFsMS9zZW5kRW1haWxPblN0dWRlbnRBZGQvSF85cG9kWlhCQ3M 200
[debug] [2024-09-20T21:06:12.623Z] <<< [apiv2][body] GET https://cloudfunctions.googleapis.com/v1/operations/ZmVlbWFuYWdlbWVudC1hOThiMi91cy1jZW50cmFsMS9zZW5kRW1haWxPblN0dWRlbnRBZGQvSF85cG9kWlhCQ3M {"name":"operations/ZmVlbWFuYWdlbWVudC1hOThiMi91cy1jZW50cmFsMS9zZW5kRW1haWxPblN0dWRlbnRBZGQvSF85cG9kWlhCQ3M","metadata":{"@type":"type.googleapis.com/google.cloud.functions.v1.OperationMetadataV1","target":"projects/feemanagement-a98b2/locations/us-central1/functions/sendEmailOnStudentAdd","type":"CREATE_FUNCTION","request":{"@type":"type.googleapis.com/google.cloud.functions.v1.CloudFunction","name":"projects/feemanagement-a98b2/locations/us-central1/functions/sendEmailOnStudentAdd","eventTrigger":{"eventType":"providers/cloud.firestore/eventTypes/document.create","resource":"projects/feemanagement-a98b2/databases/(default)/documents/StudentDatabase/{studentId}"},"entryPoint":"sendEmailOnStudentAdd","labels":{"deployment-tool":"cli-firebase","firebase-functions-hash":"42f15b651520700f6162d8344c13a2f12b5bfb5e"},"sourceUploadUrl":"https://storage.googleapis.com/uploads-220820781212.us-central1.cloudfunctions.appspot.com/3052f7c6-9782-4a16-afaa-dac0179228f2.zip?GoogleAccessId=service-662940955651@gcf-admin-robot.iam.gserviceaccount.com&Expires=1726868080&Signature=YdP67UMQ7lXz8uiswj5w5c%2FC4selGQ34kRzNio0sNJRG7EdxwDRNi%2Fc2Sy6t6UpllokXv2HBxoAfceJLyFCWthmf3JmAjIflunwDX8AsrpMmS8fWoFIznxQfnKxlvjRssFGLLEqdGY0d6%2BbfR5mi36NzwE3m1BEZ4Fy3lI734T1gA7X2Ttw3O6iWWFmoMIqfNRnyLx3%2B1zA4N1cLsloVDFSbhvT7fXyEUl6KlW%2BsTjgFMUU%2F%2ByibN8RSQFb16DauWsp7aAsQ0hkqQvqB6ySGLy1bUSZ7UXTrkUyjqfX5BudD7AzhVIrd4WU8g0xJjHMLte5hVZ4R%2FDCPUFr38cnAMw%3D%3D","environmentVariables":{"FIREBASE_CONFIG":"{\"projectId\":\"feemanagement-a98b2\",\"databaseURL\":\"https://feemanagement-a98b2-default-rtdb.firebaseio.com\",\"storageBucket\":\"feemanagement-a98b2.appspot.com\"}","GCLOUD_PROJECT":"feemanagement-a98b2","EVENTARC_CLOUD_EVENT_SOURCE":"projects/feemanagement-a98b2/locations/us-central1/functions/sendEmailOnStudentAdd"},"runtime":"nodejs18","buildEnvironmentVariables":{"GOOGLE_NODE_RUN_SCRIPTS":""},"dockerRegistry":"ARTIFACT_REGISTRY"},"versionId":"1","updateTime":"2024-09-20T21:06:06Z","buildId":"dfe179fd-4fa0-40aa-9117-6dba4e96dc36","sourceToken":"5937db3d-4a23-406b-adfd-eefe719f2236","buildName":"projects/662940955651/locations/us-central1/builds/dfe179fd-4fa0-40aa-9117-6dba4e96dc36"},"done":true,"error":{"code":3,"message":"Function failed on loading user code. This is likely due to a bug in the user code. Error message: Provided module can't be loaded.\nDid you list all required modules in the package.json dependencies?\nDetailed stack trace: Error: Cannot find module 'nodemailer'\nRequire stack:\n- /workspace/index.js\n- /layers/google.nodejs.functions-framework/functions-framework/node_modules/@google-cloud/functions-framework/build/src/loader.js\n- /layers/google.nodejs.functions-framework/functions-framework/node_modules/@google-cloud/functions-framework/build/src/main.js\n    at Module._resolveFilename (node:internal/modules/cjs/loader:1140:15)\n    at Module._load (node:internal/modules/cjs/loader:981:27)\n    at Module.require (node:internal/modules/cjs/loader:1231:19)\n    at require (node:internal/modules/helpers:177:18)\n    at Object.<anonymous> (/workspace/index.js:3:20)\n    at Module._compile (node:internal/modules/cjs/loader:1364:14)\n    at Module._extensions..js (node:internal/modules/cjs/loader:1422:10)\n    at Module.load (node:internal/modules/cjs/loader:1203:32)\n    at Module._load (node:internal/modules/cjs/loader:1019:12)\n    at Module.require (node:internal/modules/cjs/loader:1231:19)\nCould not load the function, shutting down.. Please visit https://cloud.google.com/functions/docs/troubleshooting for in-depth troubleshooting documentation."}}
[debug] [2024-09-20T21:06:12.623Z] Got source token 5937db3d-4a23-406b-adfd-eefe719f2236 for region us-central1
[error] Function failed on loading user code. This is likely due to a bug in the user code. Error message: Provided module can't be loaded.
Did you list all required modules in the package.json dependencies?
Detailed stack trace: Error: Cannot find module 'nodemailer'
Require stack:
- /workspace/index.js
- /layers/google.nodejs.functions-framework/functions-framework/node_modules/@google-cloud/functions-framework/build/src/loader.js
- /layers/google.nodejs.functions-framework/functions-framework/node_modules/@google-cloud/functions-framework/build/src/main.js
    at Module._resolveFilename (node:internal/modules/cjs/loader:1140:15)
    at Module._load (node:internal/modules/cjs/loader:981:27)
    at Module.require (node:internal/modules/cjs/loader:1231:19)
    at require (node:internal/modules/helpers:177:18)
    at Object.<anonymous> (/workspace/index.js:3:20)
    at Module._compile (node:internal/modules/cjs/loader:1364:14)
    at Module._extensions..js (node:internal/modules/cjs/loader:1422:10)
    at Module.load (node:internal/modules/cjs/loader:1203:32)
    at Module._load (node:internal/modules/cjs/loader:1019:12)
    at Module.require (node:internal/modules/cjs/loader:1231:19)
Could not load the function, shutting down.. Please visit https://cloud.google.com/functions/docs/troubleshooting for in-depth troubleshooting documentation.
[debug] [2024-09-20T21:06:12.632Z] Total Function Deployment time: 91355
[debug] [2024-09-20T21:06:12.632Z] 1 Functions Deployed
[debug] [2024-09-20T21:06:12.632Z] 1 Functions Errored
[debug] [2024-09-20T21:06:12.632Z] 0 Function Deployments Aborted
[debug] [2024-09-20T21:06:12.632Z] Average Function Deployment time: 91355
[info] 
[info] Functions deploy had errors with the following functions:
	sendEmailOnStudentAdd(us-central1)
[info] i  functions: cleaning up build files... 
[debug] [2024-09-20T21:06:12.785Z] >>> [apiv2][query] DELETE https://artifactregistry.googleapis.com/v1beta2/projects/feemanagement-a98b2/locations/us-central1/repositories/gcf-artifacts/packages/send_email_on_student_add [none]
[debug] [2024-09-20T21:06:12.787Z] >>> [apiv2][query] GET https://us.gcr.io/v2/feemanagement-a98b2/gcf/us-central1/tags/list [none]
[debug] [2024-09-20T21:06:13.109Z] <<< [apiv2][status] DELETE https://artifactregistry.googleapis.com/v1beta2/projects/feemanagement-a98b2/locations/us-central1/repositories/gcf-artifacts/packages/send_email_on_student_add 200
[debug] [2024-09-20T21:06:13.109Z] <<< [apiv2][body] DELETE https://artifactregistry.googleapis.com/v1beta2/projects/feemanagement-a98b2/locations/us-central1/repositories/gcf-artifacts/packages/send_email_on_student_add {"name":"projects/feemanagement-a98b2/locations/us-central1/operations/0cab92e9-d1ee-4ee7-9a78-6aa9f932988b","metadata":{"@type":"type.googleapis.com/google.devtools.artifactregistry.v1beta2.OperationMetadata"}}
[debug] [2024-09-20T21:06:13.110Z] >>> [apiv2][query] GET https://artifactregistry.googleapis.com/v1beta2/projects/feemanagement-a98b2/locations/us-central1/operations/0cab92e9-d1ee-4ee7-9a78-6aa9f932988b [none]
[debug] [2024-09-20T21:06:13.319Z] <<< [apiv2][status] GET https://artifactregistry.googleapis.com/v1beta2/projects/feemanagement-a98b2/locations/us-central1/operations/0cab92e9-d1ee-4ee7-9a78-6aa9f932988b 200
[debug] [2024-09-20T21:06:13.320Z] <<< [apiv2][body] GET https://artifactregistry.googleapis.com/v1beta2/projects/feemanagement-a98b2/locations/us-central1/operations/0cab92e9-d1ee-4ee7-9a78-6aa9f932988b {"name":"projects/feemanagement-a98b2/locations/us-central1/operations/0cab92e9-d1ee-4ee7-9a78-6aa9f932988b","metadata":{"@type":"type.googleapis.com/google.devtools.artifactregistry.v1beta2.OperationMetadata"},"done":true,"response":{"@type":"type.googleapis.com/google.protobuf.Empty"}}
[debug] [2024-09-20T21:06:13.493Z] <<< [apiv2][status] GET https://us.gcr.io/v2/feemanagement-a98b2/gcf/us-central1/tags/list 404
[debug] [2024-09-20T21:06:13.493Z] <<< [apiv2][body] GET https://us.gcr.io/v2/feemanagement-a98b2/gcf/us-central1/tags/list {"errors":[{"code":"NAME_UNKNOWN","message":"Repository \"us.gcr.io\" not found"}]}
[debug] [2024-09-20T21:06:13.494Z] Failed docker command with error  HTTP Error: 404, Not Found {"name":"FirebaseError","children":[],"context":{"body":{"errors":[{"code":"NAME_UNKNOWN","message":"Repository \"us.gcr.io\" not found"}],"error":{"message":"Not Found"}},"response":{"statusCode":404}},"exit":1,"message":"HTTP Error: 404, Not Found","status":404}
[debug] [2024-09-20T21:06:13.496Z] >>> [apiv2][query] GET https://us.gcr.io/v2/feemanagement-a98b2/gcf/us-central1/tags/list [none]
[debug] [2024-09-20T21:06:13.644Z] <<< [apiv2][status] GET https://us.gcr.io/v2/feemanagement-a98b2/gcf/us-central1/tags/list 404
[debug] [2024-09-20T21:06:13.644Z] <<< [apiv2][body] GET https://us.gcr.io/v2/feemanagement-a98b2/gcf/us-central1/tags/list {"errors":[{"code":"NAME_UNKNOWN","message":"Repository \"us.gcr.io\" not found"}]}
[debug] [2024-09-20T21:06:13.645Z] Failed docker command with error  HTTP Error: 404, Not Found {"name":"FirebaseError","children":[],"context":{"body":{"errors":[{"code":"NAME_UNKNOWN","message":"Repository \"us.gcr.io\" not found"}],"error":{"message":"Not Found"}},"response":{"statusCode":404}},"exit":1,"message":"HTTP Error: 404, Not Found","status":404}
[debug] [2024-09-20T21:06:13.746Z] >>> [apiv2][query] GET https://us.gcr.io/v2/feemanagement-a98b2/gcf/us-central1/tags/list [none]
[debug] [2024-09-20T21:06:13.885Z] <<< [apiv2][status] GET https://us.gcr.io/v2/feemanagement-a98b2/gcf/us-central1/tags/list 404
[debug] [2024-09-20T21:06:13.885Z] <<< [apiv2][body] GET https://us.gcr.io/v2/feemanagement-a98b2/gcf/us-central1/tags/list {"errors":[{"code":"NAME_UNKNOWN","message":"Repository \"us.gcr.io\" not found"}]}
[debug] [2024-09-20T21:06:13.885Z] Failed docker command with error  HTTP Error: 404, Not Found {"name":"FirebaseError","children":[],"context":{"body":{"errors":[{"code":"NAME_UNKNOWN","message":"Repository \"us.gcr.io\" not found"}],"error":{"message":"Not Found"}},"response":{"statusCode":404}},"exit":1,"message":"HTTP Error: 404, Not Found","status":404}
[warn] ⚠  functions: Unhandled error cleaning up build images. This could result in a small monthly bill if not corrected. You can attempt to delete these images by redeploying or you can delete them manually at https://console.cloud.google.com/gcr/images/feemanagement-a98b2/us/gcf 
[debug] [2024-09-20T21:06:13.886Z] Functions deploy failed.
[debug] [2024-09-20T21:06:13.886Z] {
  "endpoint": {
    "id": "sendEmailOnStudentAdd",
    "project": "feemanagement-a98b2",
    "region": "us-central1",
    "entryPoint": "sendEmailOnStudentAdd",
    "platform": "gcfv1",
    "runtime": "nodejs18",
    "eventTrigger": {
      "eventType": "providers/cloud.firestore/eventTypes/document.create",
      "retry": false,
      "eventFilters": {
        "resource": "projects/feemanagement-a98b2/databases/(default)/documents/StudentDatabase/{studentId}"
      }
    },
    "labels": {
      "deployment-tool": "cli-firebase"
    },
    "ingressSettings": null,
    "availableMemoryMb": null,
    "serviceAccount": null,
    "timeoutSeconds": null,
    "maxInstances": null,
    "minInstances": null,
    "vpc": null,
    "environmentVariables": {
      "FIREBASE_CONFIG": "{\"projectId\":\"feemanagement-a98b2\",\"databaseURL\":\"https://feemanagement-a98b2-default-rtdb.firebaseio.com\",\"storageBucket\":\"feemanagement-a98b2.appspot.com\"}",
      "GCLOUD_PROJECT": "feemanagement-a98b2",
      "EVENTARC_CLOUD_EVENT_SOURCE": "projects/feemanagement-a98b2/locations/us-central1/functions/sendEmailOnStudentAdd"
    },
    "codebase": "default",
    "targetedByOnly": false,
    "hash": "42f15b651520700f6162d8344c13a2f12b5bfb5e"
  },
  "op": "create",
  "original": {
    "name": "FirebaseError",
    "children": [],
    "exit": 1,
    "message": "Function failed on loading user code. This is likely due to a bug in the user code. Error message: Provided module can't be loaded.\nDid you list all required modules in the package.json dependencies?\nDetailed stack trace: Error: Cannot find module 'nodemailer'\nRequire stack:\n- /workspace/index.js\n- /layers/google.nodejs.functions-framework/functions-framework/node_modules/@google-cloud/functions-framework/build/src/loader.js\n- /layers/google.nodejs.functions-framework/functions-framework/node_modules/@google-cloud/functions-framework/build/src/main.js\n    at Module._resolveFilename (node:internal/modules/cjs/loader:1140:15)\n    at Module._load (node:internal/modules/cjs/loader:981:27)\n    at Module.require (node:internal/modules/cjs/loader:1231:19)\n    at require (node:internal/modules/helpers:177:18)\n    at Object.<anonymous> (/workspace/index.js:3:20)\n    at Module._compile (node:internal/modules/cjs/loader:1364:14)\n    at Module._extensions..js (node:internal/modules/cjs/loader:1422:10)\n    at Module.load (node:internal/modules/cjs/loader:1203:32)\n    at Module._load (node:internal/modules/cjs/loader:1019:12)\n    at Module.require (node:internal/modules/cjs/loader:1231:19)\nCould not load the function, shutting down.. Please visit https://cloud.google.com/functions/docs/troubleshooting for in-depth troubleshooting documentation.",
    "original": {
      "code": 3,
      "message": "Function failed on loading user code. This is likely due to a bug in the user code. Error message: Provided module can't be loaded.\nDid you list all required modules in the package.json dependencies?\nDetailed stack trace: Error: Cannot find module 'nodemailer'\nRequire stack:\n- /workspace/index.js\n- /layers/google.nodejs.functions-framework/functions-framework/node_modules/@google-cloud/functions-framework/build/src/loader.js\n- /layers/google.nodejs.functions-framework/functions-framework/node_modules/@google-cloud/functions-framework/build/src/main.js\n    at Module._resolveFilename (node:internal/modules/cjs/loader:1140:15)\n    at Module._load (node:internal/modules/cjs/loader:981:27)\n    at Module.require (node:internal/modules/cjs/loader:1231:19)\n    at require (node:internal/modules/helpers:177:18)\n    at Object.<anonymous> (/workspace/index.js:3:20)\n    at Module._compile (node:internal/modules/cjs/loader:1364:14)\n    at Module._extensions..js (node:internal/modules/cjs/loader:1422:10)\n    at Module.load (node:internal/modules/cjs/loader:1203:32)\n    at Module._load (node:internal/modules/cjs/loader:1019:12)\n    at Module.require (node:internal/modules/cjs/loader:1231:19)\nCould not load the function, shutting down.. Please visit https://cloud.google.com/functions/docs/troubleshooting for in-depth troubleshooting documentation."
    },
    "status": 3,
    "code": 3
  }
}
[debug] [2024-09-20T21:06:13.925Z] Error: Failed to create function sendEmailOnStudentAdd in region us-central1
    at /Users/pranavkulkarni/.nvm/versions/node/v19.4.0/lib/node_modules/firebase-tools/lib/deploy/functions/release/fabricator.js:52:11
    at process.processTicksAndRejections (node:internal/process/task_queues:95:5)
    at async Fabricator.createV1Function (/Users/pranavkulkarni/.nvm/versions/node/v19.4.0/lib/node_modules/firebase-tools/lib/deploy/functions/release/fabricator.js:182:32)
    at async Fabricator.createEndpoint (/Users/pranavkulkarni/.nvm/versions/node/v19.4.0/lib/node_modules/firebase-tools/lib/deploy/functions/release/fabricator.js:134:13)
    at async handle (/Users/pranavkulkarni/.nvm/versions/node/v19.4.0/lib/node_modules/firebase-tools/lib/deploy/functions/release/fabricator.js:89:17)
[error] 
[error] Error: There was an error deploying functions
